This file contains any messages produced by compilers while
running configure, to aid debugging if configure makes a mistake.

It was created by configure, which was
generated by GNU Autoconf 2.52.  Invocation command line was

  $ ./configure 

## ---------- ##
## Platform.  ##
## ---------- ##

hostname = neko.sth.posten.se
uname -m = i686
uname -r = 2.6.8-1-386
uname -s = Linux
uname -v = #1 Thu Nov 25 04:24:08 UTC 2004

/usr/bin/uname -p = unknown
/bin/uname -X     = unknown

/bin/arch              = i686
/usr/bin/arch -k       = unknown
/usr/convex/getsysinfo = unknown
hostinfo               = unknown
/bin/machine           = unknown
/usr/bin/oslevel       = unknown
/bin/universe          = unknown

PATH = /usr/local/bin:/usr/bin:/bin:/usr/bin/X11:/usr/games:/usr/java/jdk1.5.0_01/bin:/usr/java/apache-ant-1.6.2/bin

## ------------ ##
## Core tests.  ##
## ------------ ##

configure:1102: PATH=".;."; conftest.sh
./configure: line 1103: conftest.sh: command not found
configure:1105: $? = 127
configure:1145: checking build system type
configure:1163: result: i686-pc-linux
configure:1173: checking host system type
configure:1187: result: i686-pc-linux
configure:1197: checking target system type
configure:1211: result: i686-pc-linux
configure:1239: checking for a BSD compatible install
configure:1288: result: /usr/bin/install -c
configure:1299: checking whether build environment is sane
configure:1342: result: yes
configure:1357: checking whether make sets ${MAKE}
configure:1377: result: yes
configure:1405: checking for working aclocal
configure:1416: result: missing
configure:1420: checking for working autoconf
configure:1431: result: missing
configure:1435: checking for working automake
configure:1446: result: missing
configure:1450: checking for working autoheader
configure:1461: result: missing
configure:1465: checking for working makeinfo
configure:1472: result: found
configure:1527: checking for gcc
configure:1542: found /usr/bin/gcc
configure:1550: result: gcc
configure:1778: checking for C compiler version
configure:1781: gcc --version </dev/null >&5
gcc (GCC) 3.3.5 (Debian 1:3.3.5-13)
Copyright (C) 2003 Free Software Foundation, Inc.
This is free software; see the source for copying conditions.  There is NO
warranty; not even for MERCHANTABILITY or FITNESS FOR A PARTICULAR PURPOSE.

configure:1784: $? = 0
configure:1786: gcc -v </dev/null >&5
Reading specs from /usr/lib/gcc-lib/i486-linux/3.3.5/specs
Configured with: ../src/configure -v --enable-languages=c,c++,java,f77,pascal,objc,ada,treelang --prefix=/usr --mandir=/usr/share/man --infodir=/usr/share/info --with-gxx-include-dir=/usr/include/c++/3.3 --enable-shared --enable-__cxa_atexit --with-system-zlib --enable-nls --without-included-gettext --enable-clocale=gnu --enable-debug --enable-java-gc=boehm --enable-java-awt=xlib --enable-objc-gc i486-linux
Thread model: posix
gcc version 3.3.5 (Debian 1:3.3.5-13)
configure:1789: $? = 0
configure:1791: gcc -V </dev/null >&5
gcc: `-V' option must have argument
configure:1794: $? = 1
configure:1814: checking for C compiler default output
configure:1817: gcc    conftest.c  >&5
configure:1820: $? = 0
configure:1849: result: a.out
configure:1854: checking whether the C compiler works
configure:1860: ./a.out
configure:1863: $? = 0
configure:1878: result: yes
configure:1885: checking whether we are cross compiling
configure:1887: result: no
configure:1890: checking for executable suffix
configure:1892: gcc -o conftest    conftest.c  >&5
configure:1895: $? = 0
configure:1917: result: 
configure:1923: checking for object suffix
configure:1941: gcc -c   conftest.c >&5
configure:1944: $? = 0
configure:1963: result: o
configure:1967: checking whether we are using the GNU C compiler
configure:1988: gcc -c   conftest.c >&5
configure:1991: $? = 0
configure:1994: test -s conftest.o
configure:1997: $? = 0
configure:2009: result: yes
configure:2015: checking whether gcc accepts -g
configure:2033: gcc -c -g  conftest.c >&5
configure:2036: $? = 0
configure:2039: test -s conftest.o
configure:2042: $? = 0
configure:2052: result: yes
configure:2079: gcc -c -g -O2  conftest.c >&5
conftest.c:2: error: syntax error before "me"
configure:2082: $? = 1
configure: failed program was:
#ifndef __cplusplus
  choke me
#endif
configure:2192: checking for a BSD compatible install
configure:2241: result: /usr/bin/install -c
configure:2254: checking for mv
configure:2271: found /bin/mv
configure:2282: result: /bin/mv
configure:2307: checking for ldapsearch
configure:2324: found /usr/local/bin/ldapsearch
configure:2335: result: /usr/local/bin/ldapsearch
configure:2344: checking for ldapsearch
configure:2361: found /usr/local/bin/ldapsearch
configure:2372: result: /usr/local/bin/ldapsearch
configure:2392: checking for openssl
configure:2409: found /usr/bin/openssl
configure:2420: result: /usr/bin/openssl
configure:2499: checking for gethostbyname in -lnsl
configure:2526: gcc -o conftest -g -O2   conftest.c -lnsl   >&5
configure:2529: $? = 0
configure:2532: test -s conftest
configure:2535: $? = 0
configure:2546: result: yes
configure:2557: checking for socket in -lsocket
configure:2584: gcc -o conftest -g -O2   conftest.c -lsocket  -lnsl  >&5
/usr/bin/ld: cannot find -lsocket
collect2: ld returned 1 exit status
configure:2587: $? = 1
configure: failed program was:
#line 2565 "configure"
#include "confdefs.h"

/* Override any gcc2 internal prototype to avoid an error.  */
#ifdef __cplusplus
extern "C"
#endif
/* We use char because int might match the return type of a gcc2
   builtin and then its argument prototype would still apply.  */
char socket ();
int
main ()
{
socket ();
  ;
  return 0;
}
configure:2604: result: no
configure:2615: checking for res_query in -lresolv
configure:2642: gcc -o conftest -g -O2   conftest.c -lresolv  -lnsl  >&5
configure:2645: $? = 0
configure:2648: test -s conftest
configure:2651: $? = 0
configure:2662: result: yes
configure:2674: checking for ber_init in -llber
configure:2701: gcc -o conftest -g -O2   conftest.c -llber  -L/usr/local/ssl/lib -lssl -lcrypto -lresolv -lnsl  >&5
configure:2704: $? = 0
configure:2707: test -s conftest
configure:2710: $? = 0
configure:2721: result: yes
configure:2734: checking for ldap_init in -lldap
configure:2761: gcc -o conftest -g -O2   conftest.c -lldap  -llber -L/usr/local/ssl/lib -lssl -lcrypto -lresolv -lnsl  >&5
configure:2764: $? = 0
configure:2767: test -s conftest
configure:2770: $? = 0
configure:2781: result: yes
configure:2797: checking for date
configure:2814: found /bin/date
configure:2825: result: /bin/date
configure:2834: checking for pkgmk
configure:2865: result: no
configure:2871: checking for rpm
configure:2902: result: no
configure:2918: checking for perl
configure:2935: found /usr/bin/perl
configure:2946: result: /usr/bin/perl
configure:2953: checking "whether we have the altzone global variable"
configure:2969: gcc -o conftest -g -O2   conftest.c  -lldap -llber -L/usr/local/ssl/lib -lssl -lcrypto -lresolv -lnsl  >&5
/tmp/ccy1PNPv.o(.text+0xc): In function `main':
/home/togu008/scep/openscep-0.4.2/configure:2962: undefined reference to `altzone'
collect2: ld returned 1 exit status
configure:2972: $? = 1
configure: failed program was:
#line 2956 "configure"
#include "confdefs.h"
#include <time.h>
extern time_t altzone;
int
main ()
{
{ altzone = 0; }
  ;
  return 0;
}
configure:2996: result: no
configure:3087: checking for ld used by GCC
configure:3150: result: /usr/bin/ld
configure:3159: checking if the linker (/usr/bin/ld) is GNU ld
GNU ld version 2.15
configure:3171: result: yes
configure:3175: checking for /usr/bin/ld option to reload object files
configure:3182: result: -r
configure:3187: checking for BSD-compatible nm
configure:3223: result: /usr/bin/nm -B
configure:3226: checking whether ln -s works
configure:3230: result: yes
configure:3237: checking how to recognise dependant libraries
configure:3415: result: pass_all
configure:3421: checking command to parse /usr/bin/nm -B output
configure:3502: gcc -c -g -O2  conftest.c >&5
configure:3505: $? = 0
configure:3509: /usr/bin/nm -B conftest.o \| sed -n -e 's/^.*[ 	]\([ABCDGISTW][ABCDGISTW]*\)[ 	][ 	]*\(\)\([_A-Za-z][_A-Za-z0-9]*\)$/\1 \2\3 \3/p' \> conftest.nm
configure:3512: $? = 0
configure:3564: gcc -o conftest -g -O2   conftest.c conftstm.o >&5
configure:3567: $? = 0
configure:3611: result: ok
configure:3620: checking how to run the C preprocessor
configure:3646: gcc -E  conftest.c
configure:3652: $? = 0
configure:3679: gcc -E  conftest.c
configure:3676:28: ac_nonexistent.h: No such file or directory
configure:3685: $? = 1
configure: failed program was:
#line 3675 "configure"
#include "confdefs.h"
#include <ac_nonexistent.h>
configure:3722: result: gcc -E
configure:3737: gcc -E  conftest.c
configure:3743: $? = 0
configure:3770: gcc -E  conftest.c
configure:3767:28: ac_nonexistent.h: No such file or directory
configure:3776: $? = 1
configure: failed program was:
#line 3766 "configure"
#include "confdefs.h"
#include <ac_nonexistent.h>
configure:3818: checking for dlfcn.h
configure:3828: gcc -E  conftest.c
configure:3834: $? = 0
configure:3853: result: yes
configure:4040: checking for ranlib
configure:4055: found /usr/bin/ranlib
configure:4064: result: ranlib
configure:4114: checking for strip
configure:4129: found /usr/bin/strip
configure:4138: result: strip
configure:4334: checking for objdir
configure:4345: result: .libs
configure:4360: checking for gcc option to produce PIC
configure:4510: result: -fPIC
configure:4514: checking if gcc PIC flag -fPIC works
configure:4534: gcc -c -g -O2 -fPIC -DPIC  conftest.c >&5
configure:4537: $? = 0
configure:4540: test -s conftest.o
configure:4543: $? = 0
configure:4579: result: yes
configure:4595: checking if gcc static flag -static works
configure:4616: gcc -o conftest -g -O2   -static conftest.c  -lldap -llber -L/usr/local/ssl/lib -lssl -lcrypto -lresolv -lnsl  >&5
configure:4619: $? = 0
configure:4622: test -s conftest
configure:4625: $? = 0
configure:4639: result: yes
configure:4650: checking if gcc supports -c -o file.o
configure:4670: gcc -c -g -O2 -o out/conftest2.o  conftest.c >&5
configure:4694: result: yes
configure:4699: checking if gcc supports -c -o file.lo
configure:4723: gcc -c -g -O2 -c -o conftest.lo  conftest.c >&5
configure:4726: $? = 0
configure:4729: test -s conftest.lo
configure:4732: $? = 0
configure:4753: result: yes
configure:4784: checking if gcc supports -fno-rtti -fno-exceptions
configure:4803: gcc -c -g -O2 -fno-rtti -fno-exceptions -c conftest.c  conftest.c >&5
cc1: warning: "-fno-rtti" is valid for C++ but not for C/ObjC
cc1: warning: "-fno-rtti" is valid for C++ but not for C/ObjC
configure:4806: $? = 0
configure:4809: test -s conftest.o
configure:4812: $? = 0
configure:4828: result: yes
configure:4839: checking whether the linker (/usr/bin/ld) supports shared libraries
configure:5491: result: yes
configure:5496: checking how to hardcode library paths into programs
configure:5520: result: immediate
configure:5525: checking whether stripping libraries is possible
configure:5530: result: yes
configure:5541: checking dynamic linker characteristics
configure:5934: result: GNU/Linux ld.so
configure:5939: checking if libtool supports shared libraries
configure:5941: result: yes
configure:5944: checking whether to build shared libraries
configure:5965: result: yes
configure:5968: checking whether to build static libraries
configure:5972: result: yes
configure:6010: checking for shl_load
configure:6047: gcc -o conftest -g -O2   conftest.c  -lldap -llber -L/usr/local/ssl/lib -lssl -lcrypto -lresolv -lnsl  >&5
/tmp/ccu0ZGXu.o(.text+0x2): In function `main':
/home/togu008/scep/openscep-0.4.2/configure:6038: undefined reference to `shl_load'
collect2: ld returned 1 exit status
configure:6050: $? = 1
configure: failed program was:
#line 6016 "configure"
#include "confdefs.h"
/* System header to define __stub macros and hopefully few prototypes,
    which can conflict with char shl_load (); below.  */
#include <assert.h>
/* Override any gcc2 internal prototype to avoid an error.  */
#ifdef __cplusplus
extern "C"
#endif
/* We use char because int might match the return type of a gcc2
   builtin and then its argument prototype would still apply.  */
char shl_load ();
char (*f) ();

int
main ()
{
/* The GNU C library defines this for functions which it implements
    to always fail with ENOSYS.  Some functions are actually named
    something starting with __ and the normal name is an alias.  */
#if defined (__stub_shl_load) || defined (__stub___shl_load)
choke me
#else
f = shl_load;
#endif

  ;
  return 0;
}
configure:6066: result: no
configure:6071: checking for shl_load in -ldld
configure:6098: gcc -o conftest -g -O2   conftest.c -ldld   -lldap -llber -L/usr/local/ssl/lib -lssl -lcrypto -lresolv -lnsl  >&5
/usr/bin/ld: cannot find -ldld
collect2: ld returned 1 exit status
configure:6101: $? = 1
configure: failed program was:
#line 6079 "configure"
#include "confdefs.h"

/* Override any gcc2 internal prototype to avoid an error.  */
#ifdef __cplusplus
extern "C"
#endif
/* We use char because int might match the return type of a gcc2
   builtin and then its argument prototype would still apply.  */
char shl_load ();
int
main ()
{
shl_load ();
  ;
  return 0;
}
configure:6118: result: no
configure:6123: checking for dlopen
configure:6160: gcc -o conftest -g -O2   conftest.c  -lldap -llber -L/usr/local/ssl/lib -lssl -lcrypto -lresolv -lnsl  >&5
configure:6163: $? = 0
configure:6166: test -s conftest
configure:6169: $? = 0
configure:6179: result: yes
configure:6371: checking whether a program can dlopen itself
configure:6443: gcc -o conftest -g -O2  -DHAVE_DLFCN_H  -Wl,--export-dynamic conftest.c   -lldap -llber -L/usr/local/ssl/lib -lssl -lcrypto -lresolv -lnsl  >&5
configure:6446: $? = 0
configure:6463: result: no
configure:6590: checking whether -lc should be explicitly linked in
configure:6598: gcc -c -g -O2  conftest.c >&5
configure:6601: $? = 0
configure:6615: gcc -shared conftest.o  -v -Wl,-soname -Wl,conftest -o conftest 2\>\&1 \| grep  -lc  \>/dev/null 2\>\&1
configure:6618: $? = 0
configure:6631: result: no
configure:7198: checking for dlopen in -ldl
configure:7225: gcc -o conftest -g -O2   conftest.c -ldl   -lldap -llber -L/usr/local/ssl/lib -lssl -lcrypto -lresolv -lnsl  >&5
configure:7228: $? = 0
configure:7231: test -s conftest
configure:7234: $? = 0
configure:7245: result: yes
configure:7256: checking for ANSI C header files
configure:7270: gcc -E  conftest.c
configure:7276: $? = 0
configure:7363: gcc -o conftest -g -O2   conftest.c -ldl  -lldap -llber -L/usr/local/ssl/lib -lssl -lcrypto -lresolv -lnsl  >&5
configure:7366: $? = 0
configure:7368: ./conftest
./conftest: error while loading shared libraries: libldap-2.2.so.7: cannot open shared object file: No such file or directory
configure:7371: $? = 127
configure: program exited with status 127
configure: failed program was:
#line 7337 "configure"
#include "confdefs.h"
#include <ctype.h>
#if ((' ' & 0x0FF) == 0x020)
# define ISLOWER(c) ('a' <= (c) && (c) <= 'z')
# define TOUPPER(c) (ISLOWER(c) ? 'A' + ((c) - 'a') : (c))
#else
# define ISLOWER(c) (('a' <= (c) && (c) <= 'i')                      || ('j' <= (c) && (c) <= 'r')                      || ('s' <= (c) && (c) <= 'z'))
# define TOUPPER(c) (ISLOWER(c) ? ((c) | 0x40) : (c))
#endif

#define XOR(e, f) (((e) && !(f)) || (!(e) && (f)))
int
main ()
{
  int i;
  for (i = 0; i < 256; i++)
    if (XOR (islower (i), ISLOWER (i))
        || toupper (i) != TOUPPER (i))
      exit(2);
  exit (0);
}
configure:7384: result: no
configure:7394: checking whether byte ordering is bigendian
configure:7419: gcc -c -g -O2  conftest.c >&5
configure:7422: $? = 0
configure:7425: test -s conftest.o
configure:7428: $? = 0
configure:7449: gcc -c -g -O2  conftest.c >&5
configure: In function `main':
configure:7440: error: `not' undeclared (first use in this function)
configure:7440: error: (Each undeclared identifier is reported only once
configure:7440: error: for each function it appears in.)
configure:7440: error: syntax error before "big"
configure:7452: $? = 1
configure: failed program was:
#line 7432 "configure"
#include "confdefs.h"
#include <sys/types.h>
#include <sys/param.h>

int
main ()
{
#if BYTE_ORDER != BIG_ENDIAN
 not big endian
#endif

  ;
  return 0;
}
configure:7516: result: no
configure:7529: checking for strdup
configure:7566: gcc -o conftest -g -O2   conftest.c -ldl  -lldap -llber -L/usr/local/ssl/lib -lssl -lcrypto -lresolv -lnsl  >&5
configure:7569: $? = 0
configure:7572: test -s conftest
configure:7575: $? = 0
configure:7585: result: yes
configure:7675: creating ./config.status

## ----------------------- ##
## Running config.status.  ##
## ----------------------- ##

This file was extended by config.status 2.52, executed with
  CONFIG_FILES    = 
  CONFIG_HEADERS  = 
  CONFIG_LINKS    = 
  CONFIG_COMMANDS = 
  > ./config.status 
on neko.sth.posten.se

config.status:8187: creating Makefile
config.status:8187: creating include/Makefile
config.status:8187: creating lib/Makefile
config.status:8187: creating scep/Makefile
config.status:8187: creating scepd/Makefile
config.status:8187: creating cgi-bin/Makefile
config.status:8187: creating ldap/Makefile
config.status:8187: creating openssl/Makefile
config.status:8187: creating doc/Makefile
config.status:8187: creating html/Makefile
config.status:8187: creating man/Makefile
config.status:8187: creating package/Makefile
config.status:8187: creating rpm/Makefile
config.status:8187: creating config.sh
config.status:8279: creating include/config.h
config.status:8420: include/config.h is unchanged
configure:8538: configuring in libltdl
configure:8605: running /bin/sh './configure'  --enable-ltdl-convenience --cache-file=/dev/null --srcdir=.

## ----------------- ##
## Cache variables.  ##
## ----------------- ##

ac_cv_build=i686-pc-linux
ac_cv_build_alias=i686-pc-linux
ac_cv_c_bigendian=no
ac_cv_c_compiler_gnu=yes
ac_cv_env_CC_set=
ac_cv_env_CC_value=
ac_cv_env_CFLAGS_set=
ac_cv_env_CFLAGS_value=
ac_cv_env_CPPFLAGS_set=
ac_cv_env_CPPFLAGS_value=
ac_cv_env_CPP_set=
ac_cv_env_CPP_value=
ac_cv_env_LDFLAGS_set=
ac_cv_env_LDFLAGS_value=
ac_cv_env_build_alias_set=
ac_cv_env_build_alias_value=
ac_cv_env_host_alias_set=
ac_cv_env_host_alias_value=
ac_cv_env_target_alias_set=
ac_cv_env_target_alias_value=
ac_cv_func_dlopen=yes
ac_cv_func_shl_load=no
ac_cv_func_strdup=yes
ac_cv_header_dlfcn_h=yes
ac_cv_header_stdc=no
ac_cv_host=i686-pc-linux
ac_cv_host_alias=i686-pc-linux
ac_cv_lib_dl_dlopen=yes
ac_cv_lib_dld_shl_load=no
ac_cv_lib_lber_ber_init=yes
ac_cv_lib_ldap_ldap_init=yes
ac_cv_lib_nsl_gethostbyname=yes
ac_cv_lib_resolv_res_query=yes
ac_cv_lib_socket_socket=no
ac_cv_objext=o
ac_cv_path_DATE=/bin/date
ac_cv_path_LDAPMODIFYCMD=/usr/local/bin/ldapsearch
ac_cv_path_LDAPSEARCHCMD=/usr/local/bin/ldapsearch
ac_cv_path_MV=/bin/mv
ac_cv_path_OPENSSLCMD=/usr/bin/openssl
ac_cv_path_PERL=/usr/bin/perl
ac_cv_path_install='/usr/bin/install -c'
ac_cv_prog_CPP='gcc -E'
ac_cv_prog_ac_ct_CC=gcc
ac_cv_prog_ac_ct_RANLIB=ranlib
ac_cv_prog_ac_ct_STRIP=strip
ac_cv_prog_cc_g=yes
ac_cv_prog_make_make_set=yes
ac_cv_target=i686-pc-linux
ac_cv_target_alias=i686-pc-linux
lt_cv_archive_cmds_need_lc=no
lt_cv_compiler_c_o=yes
lt_cv_compiler_o_lo=yes
lt_cv_deplibs_check_method=pass_all
lt_cv_dlopen=dlopen
lt_cv_dlopen_libs=
lt_cv_dlopen_self=no
lt_cv_file_magic_cmd='$MAGIC_CMD'
lt_cv_file_magic_test_file='/lib/libc.so.6 /lib/libc-2.3.2.so'
lt_cv_global_symbol_to_c_name_address='sed -n -e '\''s/^: \([^ ]*\) $/  {\"\1\", (lt_ptr) 0},/p'\'' -e '\''s/^[BCDEGRST] \([^ ]*\) \([^ ]*\)$/  {"\2", (lt_ptr) \&\2},/p'\'''
lt_cv_global_symbol_to_cdecl='sed -n -e '\''s/^. .* \(.*\)$/extern char \1;/p'\'''
lt_cv_ld_reload_flag=-r
lt_cv_path_LD=/usr/bin/ld
lt_cv_path_NM='/usr/bin/nm -B'
lt_cv_prog_cc_can_build_shared=yes
lt_cv_prog_cc_no_builtin=
lt_cv_prog_cc_pic=' -fPIC'
lt_cv_prog_cc_pic_works=yes
lt_cv_prog_cc_shlib=
lt_cv_prog_cc_static=-static
lt_cv_prog_cc_static_works=yes
lt_cv_prog_cc_wl=-Wl,
lt_cv_prog_gnu_ld=yes
lt_cv_sys_global_symbol_pipe='sed -n -e '\''s/^.*[ 	]\([ABCDGISTW][ABCDGISTW]*\)[ 	][ 	]*\(\)\([_A-Za-z][_A-Za-z0-9]*\)$/\1 \2\3 \3/p'\'''
lt_cv_sys_path_separator=:

## ------------ ##
## confdefs.h.  ##
## ------------ ##

#define PACKAGE "openscep"
#define VERSION "0.4.2"
#define HAVE_LIBNSL 1
#define HAVE_LIBRESOLV 1
#define HAVE_DLFCN_H 1
#define HAVE_LIBDL 1
#define HAVE_STRDUP 1


configure: exit 0
